<?xml version="1.0" encoding="UTF-8"?>
<!-- Generated by org.testng.reporters.JUnitXMLReporter -->
<testsuite hostname="LP-5CD812F4FY" ignored="0" name="ItestReporter" tests="5" failures="0" timestamp="26 Aug 2021 11:52:52 GMT" time="0.085" errors="0">
  <testcase name="changeInvocationCountOfMethod" time="0.007" classname="Listener.IAnnotationTransformer.test"/>
  <testcase name="changeInvocationCountOfMethod" time="0.004" classname="Listener.IAnnotationTransformer.test"/>
  <testcase name="changeInvocationCountOfMethod" time="0.0" classname="Listener.IAnnotationTransformer.test"/>
  <testcase name="changeInvocationCountOfMethod" time="0.0" classname="Listener.IAnnotationTransformer.test"/>
  <testcase name="changeInvocationCountOfMethod" time="0.002" classname="Listener.IAnnotationTransformer.test"/>
</testsuite> <!-- ItestReporter -->
