<?xml version="1.0" encoding="UTF-8"?>
<!-- Generated by org.testng.reporters.JUnitXMLReporter -->
<testsuite hostname="LP-5CD812F4FY" ignored="0" name="ItestReporter" tests="3" failures="0" timestamp="30 Aug 2021 12:05:53 GMT" time="0.062" errors="0">
  <testcase name="changeInvocationCountOfMethod" time="0.012" classname="Listener.IAnnotationTransformer.test"/>
  <testcase name="changeInvocationCountOfMethod" time="0.002" classname="Listener.IAnnotationTransformer.test"/>
  <testcase name="changeInvocationCountOfMethod" time="0.002" classname="Listener.IAnnotationTransformer.test"/>
</testsuite> <!-- ItestReporter -->
