<?xml version="1.0" encoding="UTF-8"?>
<!-- Generated by org.testng.reporters.JUnitXMLReporter -->
<testsuite hostname="DESKTOP-5CUEQ7S" ignored="0" name="Smoke testing" tests="3" failures="0" timestamp="04 Aug 2021 17:59:04 GMT" time="0.062" errors="0">
  <testcase name="a" time="0.016" classname="TestNG_selenium.TestNG_selenium.Parallel_test"/>
  <testcase name="b" time="0.0" classname="TestNG_selenium.TestNG_selenium.Parallel_test"/>
  <testcase name="c" time="0.0" classname="TestNG_selenium.TestNG_selenium.Parallel_test"/>
</testsuite> <!-- Smoke testing -->
