<?xml version="1.0" encoding="UTF-8"?>
<testng-results skipped="0" failed="0" ignored="0" total="3" passed="3">
  <reporter-output>
  </reporter-output>
  <suite name="Parent_Suite" duration-ms="62" started-at="2021-08-30T12:05:53Z" finished-at="2021-08-30T12:05:53Z">
    <groups>
    </groups>
    <test name="ItestReporter" duration-ms="62" started-at="2021-08-30T12:05:53Z" finished-at="2021-08-30T12:05:53Z">
      <class name="Listener.IAnnotationTransformer.test">
        <test-method status="PASS" signature="changeInvocationCountOfMethod()[pri:0, instance:Listener.IAnnotationTransformer.test@31ef45e3]" name="changeInvocationCountOfMethod" duration-ms="12" started-at="2021-08-30T12:05:53Z" finished-at="2021-08-30T12:05:53Z">
          <reporter-output>
          </reporter-output>
        </test-method> <!-- changeInvocationCountOfMethod -->
        <test-method status="PASS" signature="changeInvocationCountOfMethod()[pri:0, instance:Listener.IAnnotationTransformer.test@31ef45e3]" name="changeInvocationCountOfMethod" duration-ms="2" started-at="2021-08-30T12:05:53Z" finished-at="2021-08-30T12:05:53Z">
          <reporter-output>
          </reporter-output>
        </test-method> <!-- changeInvocationCountOfMethod -->
        <test-method status="PASS" signature="changeInvocationCountOfMethod()[pri:0, instance:Listener.IAnnotationTransformer.test@31ef45e3]" name="changeInvocationCountOfMethod" duration-ms="2" started-at="2021-08-30T12:05:53Z" finished-at="2021-08-30T12:05:53Z">
          <reporter-output>
          </reporter-output>
        </test-method> <!-- changeInvocationCountOfMethod -->
      </class> <!-- Listener.IAnnotationTransformer.test -->
    </test> <!-- ItestReporter -->
  </suite> <!-- Parent_Suite -->
</testng-results>
