<?xml version="1.0" encoding="UTF-8"?>
<!-- Generated by org.testng.reporters.JUnitXMLReporter -->
<testsuite hostname="LP-5CD812F4FY" ignored="0" name="Default test" tests="5" failures="0" timestamp="27 Aug 2021 05:56:16 GMT" time="0.077" errors="0">
  <testcase name="changeInvocationCountOfMethod" time="0.018" classname="Listener.IAnnotationTransformer.test"/>
  <testcase name="changeInvocationCountOfMethod" time="0.002" classname="Listener.IAnnotationTransformer.test"/>
  <testcase name="changeInvocationCountOfMethod" time="0.002" classname="Listener.IAnnotationTransformer.test"/>
  <testcase name="changeInvocationCountOfMethod" time="0.003" classname="Listener.IAnnotationTransformer.test"/>
  <testcase name="changeInvocationCountOfMethod" time="0.001" classname="Listener.IAnnotationTransformer.test"/>
</testsuite> <!-- Default test -->
