<?xml version="1.0" encoding="UTF-8"?>
<!-- Generated by org.testng.reporters.JUnitXMLReporter -->
<testsuite hostname="LP-5CD812F4FY" ignored="0" name="Default test" tests="5" failures="0" timestamp="26 Aug 2021 11:52:40 GMT" time="0.072" errors="0">
  <testcase name="changeInvocationCountOfMethod" time="0.015" classname="Listener.IAnnotationTransformer.test"/>
  <testcase name="changeInvocationCountOfMethod" time="0.005" classname="Listener.IAnnotationTransformer.test"/>
  <testcase name="changeInvocationCountOfMethod" time="0.002" classname="Listener.IAnnotationTransformer.test"/>
  <testcase name="changeInvocationCountOfMethod" time="0.002" classname="Listener.IAnnotationTransformer.test"/>
  <testcase name="changeInvocationCountOfMethod" time="0.0" classname="Listener.IAnnotationTransformer.test"/>
</testsuite> <!-- Default test -->
